<?xml version="1.0" encoding="UTF-8"?>
<testng-results skipped="0" failed="0" ignored="0" total="5" passed="5">
  <reporter-output>
  </reporter-output>
  <suite name="tests.YCDemo" duration-ms="15896" started-at="2018-08-13T11:15:25Z" finished-at="2018-08-13T11:15:41Z">
    <groups>
    </groups>
    <test name="Command line test" duration-ms="15896" started-at="2018-08-13T11:15:25Z" finished-at="2018-08-13T11:15:41Z">
      <class name="tests.YCDemo">
        <test-method status="PASS" signature="setUp()[pri:0, instance:tests.YCDemo@6442b0a6]" name="setUp" is-config="true" duration-ms="4073" started-at="2018-08-13T11:15:25Z" finished-at="2018-08-13T11:15:29Z">
          <reporter-output>
          </reporter-output>
        </test-method> <!-- setUp -->
        <test-method status="PASS" signature="test01_VerifyHomePage()[pri:0, instance:tests.YCDemo@6442b0a6]" name="test01_VerifyHomePage" duration-ms="68" started-at="2018-08-13T11:15:29Z" finished-at="2018-08-13T11:15:29Z">
          <reporter-output>
          </reporter-output>
        </test-method> <!-- test01_VerifyHomePage -->
        <test-method status="PASS" signature="test02_HackerNewsLandingPage()[pri:0, instance:tests.YCDemo@6442b0a6]" name="test02_HackerNewsLandingPage" duration-ms="7730" started-at="2018-08-13T11:15:29Z" finished-at="2018-08-13T11:15:37Z">
          <reporter-output>
          </reporter-output>
        </test-method> <!-- test02_HackerNewsLandingPage -->
        <test-method status="PASS" signature="test03_HackerNewsLoginPage()[pri:0, instance:tests.YCDemo@6442b0a6]" name="test03_HackerNewsLoginPage" duration-ms="424" started-at="2018-08-13T11:15:37Z" finished-at="2018-08-13T11:15:38Z">
          <reporter-output>
          </reporter-output>
        </test-method> <!-- test03_HackerNewsLoginPage -->
        <test-method status="PASS" signature="test04_AfterLoginPage()[pri:0, instance:tests.YCDemo@6442b0a6]" name="test04_AfterLoginPage" duration-ms="1651" started-at="2018-08-13T11:15:38Z" finished-at="2018-08-13T11:15:39Z">
          <reporter-output>
          </reporter-output>
        </test-method> <!-- test04_AfterLoginPage -->
        <test-method status="PASS" signature="test05_LoggedOut()[pri:0, instance:tests.YCDemo@6442b0a6]" name="test05_LoggedOut" duration-ms="1853" started-at="2018-08-13T11:15:39Z" finished-at="2018-08-13T11:15:41Z">
          <reporter-output>
          </reporter-output>
        </test-method> <!-- test05_LoggedOut -->
        <test-method status="PASS" signature="tearDown()[pri:0, instance:tests.YCDemo@6442b0a6]" name="tearDown" is-config="true" duration-ms="81" started-at="2018-08-13T11:15:41Z" finished-at="2018-08-13T11:15:41Z">
          <reporter-output>
          </reporter-output>
        </test-method> <!-- tearDown -->
      </class> <!-- tests.YCDemo -->
    </test> <!-- Command line test -->
  </suite> <!-- tests.YCDemo -->
</testng-results>
