<?xml version="1.0" encoding="UTF-8"?>
<testng-results skipped="0" failed="0" ignored="0" total="1" passed="1">
  <reporter-output>
  </reporter-output>
  <suite name="tests.SearchTest" duration-ms="4674" started-at="2018-07-24T18:24:41Z" finished-at="2018-07-24T18:24:46Z">
    <groups>
    </groups>
    <test name="Command line test" duration-ms="4674" started-at="2018-07-24T18:24:41Z" finished-at="2018-07-24T18:24:46Z">
      <class name="tests.SearchTest">
        <test-method status="PASS" signature="setUp()[pri:0, instance:tests.SearchTest@2acf57e3]" name="setUp" is-config="true" duration-ms="1732" started-at="2018-07-24T18:24:41Z" finished-at="2018-07-24T18:24:43Z">
          <reporter-output>
          </reporter-output>
        </test-method> <!-- setUp -->
        <test-method status="PASS" signature="verifyHomePage()[pri:0, instance:tests.SearchTest@2acf57e3]" name="verifyHomePage" duration-ms="2781" started-at="2018-07-24T18:24:43Z" finished-at="2018-07-24T18:24:46Z">
          <reporter-output>
          </reporter-output>
        </test-method> <!-- verifyHomePage -->
        <test-method status="PASS" signature="tearDown()[pri:0, instance:tests.SearchTest@2acf57e3]" name="tearDown" is-config="true" duration-ms="137" started-at="2018-07-24T18:24:46Z" finished-at="2018-07-24T18:24:46Z">
          <reporter-output>
          </reporter-output>
        </test-method> <!-- tearDown -->
      </class> <!-- tests.SearchTest -->
    </test> <!-- Command line test -->
  </suite> <!-- tests.SearchTest -->
</testng-results>
