<?xml version="1.0" encoding="UTF-8"?>
<!-- Generated by org.testng.reporters.JUnitXMLReporter -->
<testsuite hostname="in-ishansai.local" ignored="0" name="Command line test" tests="5" failures="0" timestamp="20 Aug 2018 07:17:42 GMT" time="15.102" errors="0">
  <testcase name="test01_VerifyHomePage" time="0.088" classname="tests.YCDemo"/>
  <testcase name="test02_HackerNewsLandingPage" time="7.916" classname="tests.YCDemo"/>
  <testcase name="test03_HackerNewsLoginPage" time="0.43" classname="tests.YCDemo"/>
  <testcase name="test04_AfterLoginPage" time="1.467" classname="tests.YCDemo"/>
  <testcase name="test05_LoggedOut" time="2.062" classname="tests.YCDemo"/>
</testsuite> <!-- Command line test -->
